<?xml version="1.0" encoding="UTF-8"?>
<!-- Generated by org.testng.reporters.JUnitReportReporter -->
<testsuite ignored="0" hostname="SarahMahmood-PC" failures="0" tests="1" name="tests.BaseClass" time="0.009" errors="0" timestamp="21 Oct 2021 10:34:33 GMT" skipped="0">
  <testcase classname="tests.BaseClass" name="sampleTest" time="0.009"/>
</testsuite> <!-- tests.BaseClass -->
